#---------详情
最新版:   zzz_app__0.0.1_v_0.1.0__201001_173953.tgz
md5sum:   8bb6724679d4ec65c73ec9cf828be35b
----------------------
md5sum: 8bb6724679d4ec65c73ec9cf828be35b _patch_: zzz_app__0.0.1_v_0.1.0__201001_173953.tgz
     升级脚本
     - 0.0.1/zzz_app.0.1
     - 0.0.1/plg/plugin_one.so.0.0.1
     - 0.0.1/plg/plugin_two.so.0.0.2
     + 0.1.0/zzz_app
     + 0.1.0/cfg/auth_plgs.xml
     + 0.1.0/plg/plg_0.so
     + 0.1.0/plg/plg_1st.so
     + 0.1.0/plg/plg_2nd.so
     + 0.1.0/plg/plugin_one.so
     + 0.1.0/plg/plugin_one.so.1.0.1
     + 0.1.0/plg/plugin_two.so
     + 0.1.0/plg/plugin_two.so.1.0.1
     * 0.0.1^0.1.0...log/ssss.log
     * 0.0.1^0.1.0...ver/x_apply_patch.log
     * 0.0.1^0.1.0...x_plg.sh
----------------------
